2022-12-25 08:13:05.498  INFO 9060 --- [main] com.uniksoft.demo.DemoApplicationTests   : Starting DemoApplicationTests using Java 11.0.17 on ubuntu with PID 9060 (started by plasante in /home/plasante/eclipse-workspace/demo)
2022-12-25 08:13:05.526  INFO 9060 --- [main] com.uniksoft.demo.DemoApplicationTests   : No active profile set, falling back to 1 default profile: "default"
2022-12-25 08:13:06.804  INFO 9060 --- [main] .s.d.r.c.RepositoryConfigurationDelegate : Bootstrapping Spring Data JPA repositories in DEFAULT mode.
2022-12-25 08:13:06.985  INFO 9060 --- [main] .s.d.r.c.RepositoryConfigurationDelegate : Finished Spring Data repository scanning in 110 ms. Found 3 JPA repository interfaces.
2022-12-25 08:13:08.704  INFO 9060 --- [main] com.zaxxer.hikari.HikariDataSource       : HikariPool-1 - Starting...
2022-12-25 08:13:09.980  INFO 9060 --- [main] com.zaxxer.hikari.HikariDataSource       : HikariPool-1 - Start completed.
2022-12-25 08:13:10.158  INFO 9060 --- [main] o.hibernate.jpa.internal.util.LogHelper  : HHH000204: Processing PersistenceUnitInfo [name: default]
2022-12-25 08:13:10.303  INFO 9060 --- [main] org.hibernate.Version                    : HHH000412: Hibernate ORM core version 5.6.14.Final
2022-12-25 08:13:10.601  INFO 9060 --- [main] o.hibernate.annotations.common.Version   : HCANN000001: Hibernate Commons Annotations {5.1.2.Final}
2022-12-25 08:13:10.966  INFO 9060 --- [main] org.hibernate.dialect.Dialect            : HHH000400: Using dialect: org.hibernate.dialect.MySQL57Dialect
2022-12-25 08:13:12.127  INFO 9060 --- [main] o.h.e.t.j.p.i.JtaPlatformInitiator       : HHH000490: Using JtaPlatform implementation: [org.hibernate.engine.transaction.jta.platform.internal.NoJtaPlatform]
2022-12-25 08:13:12.150  INFO 9060 --- [main] j.LocalContainerEntityManagerFactoryBean : Initialized JPA EntityManagerFactory for persistence unit 'default'
2022-12-25 08:13:13.987  WARN 9060 --- [main] JpaBaseConfiguration$JpaWebConfiguration : spring.jpa.open-in-view is enabled by default. Therefore, database queries may be performed during view rendering. Explicitly configure spring.jpa.open-in-view to disable this warning
2022-12-25 08:13:16.856  INFO 9060 --- [main] com.uniksoft.demo.DemoApplicationTests   : Started DemoApplicationTests in 12.081 seconds (JVM running for 13.576)
2022-12-25 08:13:17.217  INFO 9060 --- [SpringApplicationShutdownHook] j.LocalContainerEntityManagerFactoryBean : Closing JPA EntityManagerFactory for persistence unit 'default'
2022-12-25 08:13:17.238  INFO 9060 --- [SpringApplicationShutdownHook] com.zaxxer.hikari.HikariDataSource       : HikariPool-1 - Shutdown initiated...
2022-12-25 08:13:18.380  INFO 9060 --- [SpringApplicationShutdownHook] com.zaxxer.hikari.HikariDataSource       : HikariPool-1 - Shutdown completed.
2022-12-25 08:27:44.937  INFO 10114 --- [main] com.uniksoft.demo.DemoApplicationTests   : Starting DemoApplicationTests using Java 11.0.17 on ubuntu with PID 10114 (started by plasante in /home/plasante/eclipse-workspace/demo)
2022-12-25 08:27:44.947  INFO 10114 --- [main] com.uniksoft.demo.DemoApplicationTests   : No active profile set, falling back to 1 default profile: "default"
2022-12-25 08:27:45.931  INFO 10114 --- [main] .s.d.r.c.RepositoryConfigurationDelegate : Bootstrapping Spring Data JPA repositories in DEFAULT mode.
2022-12-25 08:27:46.057  INFO 10114 --- [main] .s.d.r.c.RepositoryConfigurationDelegate : Finished Spring Data repository scanning in 118 ms. Found 3 JPA repository interfaces.
2022-12-25 08:27:47.546  INFO 10114 --- [main] com.zaxxer.hikari.HikariDataSource       : HikariPool-1 - Starting...
2022-12-25 08:27:48.659  INFO 10114 --- [main] com.zaxxer.hikari.HikariDataSource       : HikariPool-1 - Start completed.
2022-12-25 08:27:48.761  INFO 10114 --- [main] o.hibernate.jpa.internal.util.LogHelper  : HHH000204: Processing PersistenceUnitInfo [name: default]
2022-12-25 08:27:48.861  INFO 10114 --- [main] org.hibernate.Version                    : HHH000412: Hibernate ORM core version 5.6.14.Final
2022-12-25 08:27:49.142  INFO 10114 --- [main] o.hibernate.annotations.common.Version   : HCANN000001: Hibernate Commons Annotations {5.1.2.Final}
2022-12-25 08:27:49.381  INFO 10114 --- [main] org.hibernate.dialect.Dialect            : HHH000400: Using dialect: org.hibernate.dialect.MySQL57Dialect
2022-12-25 08:27:50.545  INFO 10114 --- [main] o.h.e.t.j.p.i.JtaPlatformInitiator       : HHH000490: Using JtaPlatform implementation: [org.hibernate.engine.transaction.jta.platform.internal.NoJtaPlatform]
2022-12-25 08:27:50.556  INFO 10114 --- [main] j.LocalContainerEntityManagerFactoryBean : Initialized JPA EntityManagerFactory for persistence unit 'default'
2022-12-25 08:27:53.034  WARN 10114 --- [main] JpaBaseConfiguration$JpaWebConfiguration : spring.jpa.open-in-view is enabled by default. Therefore, database queries may be performed during view rendering. Explicitly configure spring.jpa.open-in-view to disable this warning
2022-12-25 08:27:55.192  INFO 10114 --- [main] com.uniksoft.demo.DemoApplicationTests   : Started DemoApplicationTests in 10.767 seconds (JVM running for 12.555)
2022-12-25 08:27:55.465  INFO 10114 --- [SpringApplicationShutdownHook] j.LocalContainerEntityManagerFactoryBean : Closing JPA EntityManagerFactory for persistence unit 'default'
2022-12-25 08:27:55.471  INFO 10114 --- [SpringApplicationShutdownHook] com.zaxxer.hikari.HikariDataSource       : HikariPool-1 - Shutdown initiated...
2022-12-25 08:27:55.607  INFO 10114 --- [SpringApplicationShutdownHook] com.zaxxer.hikari.HikariDataSource       : HikariPool-1 - Shutdown completed.
